生成启动时间为 2016/9/11 20:43:55。
     1>项目“F:\算法学习\BinarySearch\BinarySearch\BinarySearch.vcxproj”在节点 2 上(build 个目标)。
     1>InitializeBuildStatus:
         正在创建“Debug\BinarySearch.unsuccessfulbuild”，因为已指定“AlwaysCreate”。
       ClCompile:
         e:\vs2010软件\VC\bin\CL.exe /c /ZI /nologo /W3 /WX- /Od /Oy- /D _MBCS /Gm /EHsc /RTC1 /MDd /GS /fp:precise /Zc:wchar_t /Zc:forScope /Fo"Debug\\" /Fd"Debug\vc100.pdb" /Gd /TP /analyze- /errorReport:prompt main.cpp
         main.cpp
     1>f:\算法学习\binarysearch\binarysearch\main.cpp(25): warning C4018: “<”: 有符号/无符号不匹配
       Link:
         e:\vs2010软件\VC\bin\link.exe /ERRORREPORT:PROMPT /OUT:"F:\算法学习\BinarySearch\Debug\BinarySearch.exe" /NOLOGO kernel32.lib user32.lib gdi32.lib winspool.lib comdlg32.lib advapi32.lib shell32.lib ole32.lib oleaut32.lib uuid.lib odbc32.lib odbccp32.lib /MANIFEST /ManifestFile:"Debug\BinarySearch.exe.intermediate.manifest" /MANIFESTUAC:"level='asInvoker' uiAccess='false'" /DEBUG /PDB:"F:\算法学习\BinarySearch\Debug\BinarySearch.pdb" /TLBID:1 /DYNAMICBASE /NXCOMPAT /IMPLIB:"F:\算法学习\BinarySearch\Debug\BinarySearch.lib" /MACHINE:X86 Debug\BinarySearch.obj
         Debug\main.obj
         Debug\Test.obj
         LINK : 没有找到 F:\算法学习\BinarySearch\Debug\BinarySearch.exe 或上一个增量链接没有生成它；正在执行完全链接
         BinarySearch.vcxproj -> F:\算法学习\BinarySearch\Debug\BinarySearch.exe
       Manifest:
         C:\Program Files (x86)\Microsoft SDKs\Windows\v7.0A\bin\mt.exe /nologo /verbose /outputresource:"F:\算法学习\BinarySearch\Debug\BinarySearch.exe;#1" /manifest Debug\BinarySearch.exe.intermediate.manifest
       FinalizeBuildStatus:
         正在删除文件“Debug\BinarySearch.unsuccessfulbuild”。
         正在对“Debug\BinarySearch.lastbuildstate”执行 Touch 任务。
     1>已完成生成项目“F:\算法学习\BinarySearch\BinarySearch\BinarySearch.vcxproj”(build 个目标)的操作。

生成成功。

已用时间 00:00:01.14
