生成启动时间为 2017/1/11 21:19:36。
     1>项目“F:\程序员学习书籍\数据结构和算法\算法学习\Sort\Sort\Sort.vcxproj”在节点 2 上(build 个目标)。
     1>InitializeBuildStatus:
         正在创建“Debug\Sort.unsuccessfulbuild”，因为已指定“AlwaysCreate”。
       ClCompile:
         d:\Microsoft Visual Studio 10.0\VC\bin\CL.exe /c /I"D:\Visual Leak Detector\include" /ZI /nologo /W3 /WX- /Od /Oy- /D _MBCS /Gm /EHsc /RTC1 /MDd /GS /fp:precise /Zc:wchar_t /Zc:forScope /Fo"Debug\\" /Fd"Debug\vc100.pdb" /Gd /TP /analyze- /errorReport:prompt main.cpp
         main.cpp
     1>f:\程序员学习书籍\数据结构和算法\算法学习\sort\sort\sort.h(120): warning C4018: “<”: 有符号/无符号不匹配
                 f:\程序员学习书籍\数据结构和算法\算法学习\sort\sort\sort.h(114): 编译类 模板 成员函数“void Sort<T>::insertSort(void)”时
                 with
                 [
                     T=int
                 ]
                 f:\程序员学习书籍\数据结构和算法\算法学习\sort\sort\main.cpp(6): 参见对正在编译的类 模板 实例化“Sort<T>”的引用
                 with
                 [
                     T=int
                 ]
     1>f:\程序员学习书籍\数据结构和算法\算法学习\sort\sort\sort.h(60): warning C4018: “<”: 有符号/无符号不匹配
                 f:\程序员学习书籍\数据结构和算法\算法学习\sort\sort\sort.h(54): 编译类 模板 成员函数“void Sort<T>::requestInput(void)”时
                 with
                 [
                     T=int
                 ]
     1>f:\程序员学习书籍\数据结构和算法\算法学习\sort\sort\sort.h(107): warning C4018: “<”: 有符号/无符号不匹配
                 f:\程序员学习书籍\数据结构和算法\算法学习\sort\sort\sort.h(106): 编译类 模板 成员函数“void Sort<T>::show(void)”时
                 with
                 [
                     T=int
                 ]
       Link:
         d:\Microsoft Visual Studio 10.0\VC\bin\link.exe /ERRORREPORT:PROMPT /OUT:"F:\程序员学习书籍\数据结构和算法\算法学习\Sort\Debug\Sort.exe" /NOLOGO /LIBPATH:"D:\Visual Leak Detector\lib\Win32" kernel32.lib user32.lib gdi32.lib winspool.lib comdlg32.lib advapi32.lib shell32.lib ole32.lib oleaut32.lib uuid.lib odbc32.lib odbccp32.lib /MANIFEST /ManifestFile:"Debug\Sort.exe.intermediate.manifest" /MANIFESTUAC:"level='asInvoker' uiAccess='false'" /DEBUG /PDB:"F:\程序员学习书籍\数据结构和算法\算法学习\Sort\Debug\Sort.pdb" /TLBID:1 /DYNAMICBASE /NXCOMPAT /IMPLIB:"F:\程序员学习书籍\数据结构和算法\算法学习\Sort\Debug\Sort.lib" /MACHINE:X86 Debug\B.obj
         Debug\InterView.obj
         Debug\main.obj
         LINK : 没有找到 F:\程序员学习书籍\数据结构和算法\算法学习\Sort\Debug\Sort.exe 或上一个增量链接没有生成它；正在执行完全链接
         Sort.vcxproj -> F:\程序员学习书籍\数据结构和算法\算法学习\Sort\Debug\Sort.exe
       Manifest:
         C:\Program Files (x86)\Microsoft SDKs\Windows\v7.0A\bin\mt.exe /nologo /verbose /outputresource:"F:\程序员学习书籍\数据结构和算法\算法学习\Sort\Debug\Sort.exe;#1" /manifest Debug\Sort.exe.intermediate.manifest
       FinalizeBuildStatus:
         正在删除文件“Debug\Sort.unsuccessfulbuild”。
         正在对“Debug\Sort.lastbuildstate”执行 Touch 任务。
     1>已完成生成项目“F:\程序员学习书籍\数据结构和算法\算法学习\Sort\Sort\Sort.vcxproj”(build 个目标)的操作。

生成成功。

已用时间 00:00:01.21
