F:\程序员学习书籍\数据结构和算法\算法学习\SORT\DEBUG\SORT.EXE
F:\程序员学习书籍\数据结构和算法\算法学习\SORT\DEBUG\SORT.ILK
F:\程序员学习书籍\数据结构和算法\算法学习\SORT\DEBUG\SORT.PDB
F:\程序员学习书籍\数据结构和算法\算法学习\SORT\SORT\DEBUG\B.OBJ
F:\程序员学习书籍\数据结构和算法\算法学习\Sort\Sort\Debug\cl.command.1.tlog
F:\程序员学习书籍\数据结构和算法\算法学习\Sort\Sort\Debug\CL.read.1.tlog
F:\程序员学习书籍\数据结构和算法\算法学习\Sort\Sort\Debug\CL.write.1.tlog
F:\程序员学习书籍\数据结构和算法\算法学习\SORT\SORT\DEBUG\INTERVIEW.OBJ
F:\程序员学习书籍\数据结构和算法\算法学习\Sort\Sort\Debug\link.command.1.tlog
F:\程序员学习书籍\数据结构和算法\算法学习\Sort\Sort\Debug\link.read.1.tlog
F:\程序员学习书籍\数据结构和算法\算法学习\Sort\Sort\Debug\link.write.1.tlog
F:\程序员学习书籍\数据结构和算法\算法学习\SORT\SORT\DEBUG\MAIN.OBJ
F:\程序员学习书籍\数据结构和算法\算法学习\Sort\Sort\Debug\mt.command.1.tlog
F:\程序员学习书籍\数据结构和算法\算法学习\Sort\Sort\Debug\mt.read.1.tlog
F:\程序员学习书籍\数据结构和算法\算法学习\Sort\Sort\Debug\mt.write.1.tlog
F:\程序员学习书籍\数据结构和算法\算法学习\SORT\SORT\DEBUG\SORT.EXE.INTERMEDIATE.MANIFEST
F:\程序员学习书籍\数据结构和算法\算法学习\Sort\Sort\Debug\Sort.vcxprojResolveAssemblyReference.cache
F:\程序员学习书籍\数据结构和算法\算法学习\Sort\Sort\Debug\Sort.write.1.tlog
F:\程序员学习书籍\数据结构和算法\算法学习\Sort\Sort\Debug\vc100.idb
F:\程序员学习书籍\数据结构和算法\算法学习\SORT\SORT\DEBUG\VC100.PDB
F:\算法学习\SORT\DEBUG\SORT.EXE
F:\算法学习\SORT\DEBUG\SORT.ILK
F:\算法学习\SORT\DEBUG\SORT.PDB
F:\算法学习\SORT\SORT\DEBUG\B.OBJ
F:\算法学习\SORT\SORT\DEBUG\INTERVIEW.OBJ
F:\算法学习\SORT\SORT\DEBUG\MAIN.OBJ
F:\算法学习\SORT\SORT\DEBUG\SORT.EXE.INTERMEDIATE.MANIFEST
F:\算法学习\SORT\SORT\DEBUG\VC100.PDB
