生成启动时间为 2016/12/15 20:28:13。
     1>项目“F:\程序员学习书籍\数据结构和算法\算法学习\BinaryHeap\BinaryHeap\BinaryHeap.vcxproj”在节点 2 上(build 个目标)。
     1>InitializeBuildStatus:
         正在创建“Debug\BinaryHeap.unsuccessfulbuild”，因为已指定“AlwaysCreate”。
       ClCompile:
         d:\Microsoft Visual Studio 10.0\VC\bin\CL.exe /c /ZI /nologo /W3 /WX- /Od /Oy- /D _MBCS /Gm /EHsc /RTC1 /MDd /GS /fp:precise /Zc:wchar_t /Zc:forScope /Fo"Debug\\" /Fd"Debug\vc100.pdb" /Gd /TP /analyze- /errorReport:prompt main.cpp
         main.cpp
     1>f:\程序员学习书籍\数据结构和算法\算法学习\binaryheap\binaryheap\binaryheap.h(52): warning C4018: “<”: 有符号/无符号不匹配
                 f:\程序员学习书籍\数据结构和算法\算法学习\binaryheap\binaryheap\binaryheap.h(51): 编译类 模板 成员函数“void BinaryHeap<T>::display(void)”时
                 with
                 [
                     T=int
                 ]
                 f:\程序员学习书籍\数据结构和算法\算法学习\binaryheap\binaryheap\binaryheap.h(131): 编译类 模板 成员函数“void BinaryHeap<T>::heapSort(void)”时
                 with
                 [
                     T=int
                 ]
                 f:\程序员学习书籍\数据结构和算法\算法学习\binaryheap\binaryheap\main.cpp(5): 参见对正在编译的类 模板 实例化“BinaryHeap<T>”的引用
                 with
                 [
                     T=int
                 ]
       Link:
         d:\Microsoft Visual Studio 10.0\VC\bin\link.exe /ERRORREPORT:PROMPT /OUT:"F:\程序员学习书籍\数据结构和算法\算法学习\BinaryHeap\Debug\BinaryHeap.exe" /NOLOGO kernel32.lib user32.lib gdi32.lib winspool.lib comdlg32.lib advapi32.lib shell32.lib ole32.lib oleaut32.lib uuid.lib odbc32.lib odbccp32.lib /MANIFEST /ManifestFile:"Debug\BinaryHeap.exe.intermediate.manifest" /MANIFESTUAC:"level='asInvoker' uiAccess='false'" /DEBUG /PDB:"F:\程序员学习书籍\数据结构和算法\算法学习\BinaryHeap\Debug\BinaryHeap.pdb" /TLBID:1 /DYNAMICBASE /NXCOMPAT /IMPLIB:"F:\程序员学习书籍\数据结构和算法\算法学习\BinaryHeap\Debug\BinaryHeap.lib" /MACHINE:X86 Debug\main.obj
         LINK : 没有找到 F:\程序员学习书籍\数据结构和算法\算法学习\BinaryHeap\Debug\BinaryHeap.exe 或上一个增量链接没有生成它；正在执行完全链接
         BinaryHeap.vcxproj -> F:\程序员学习书籍\数据结构和算法\算法学习\BinaryHeap\Debug\BinaryHeap.exe
       Manifest:
         C:\Program Files (x86)\Microsoft SDKs\Windows\v7.0A\bin\mt.exe /nologo /verbose /outputresource:"F:\程序员学习书籍\数据结构和算法\算法学习\BinaryHeap\Debug\BinaryHeap.exe;#1" /manifest Debug\BinaryHeap.exe.intermediate.manifest
       FinalizeBuildStatus:
         正在删除文件“Debug\BinaryHeap.unsuccessfulbuild”。
         正在对“Debug\BinaryHeap.lastbuildstate”执行 Touch 任务。
     1>已完成生成项目“F:\程序员学习书籍\数据结构和算法\算法学习\BinaryHeap\BinaryHeap\BinaryHeap.vcxproj”(build 个目标)的操作。

生成成功。

已用时间 00:00:02.00
